[    0.000000] Initializing cgroup subsys cpuset
[    0.000000] Initializing cgroup subsys cpu
[    0.000000] Initializing cgroup subsys cpuacct
[    0.000000] Linux version 4.4.0-104-generic (buildd@lgw01-amd64-022) (gcc version 5.4.0 20160609 (Ubuntu 5.4.0-6ubuntu1~16.04.5) ) #127-Ubuntu SMP Mon Dec 11 12:16:42 UTC 2017 (Ubuntu 4.4.0-104.127-generic 4.4.98)
[    0.000000] Command line: BOOT_IMAGE=/boot/vmlinuz-4.4.0-104-generic root=UUID=743b1402-d445-494c-af0b-749040bb33e4 ro console=tty1 console=ttyS0
[    0.000000] KERNEL supported cpus:
[    0.000000]   Intel GenuineIntel
[    0.000000]   AMD AuthenticAMD
[    0.000000]   Centaur CentaurHauls
[    0.000000] x86/fpu: xstate_offset[2]:  576, xstate_sizes[2]:  256
[    0.000000] x86/fpu: Supporting XSAVE feature 0x01: 'x87 floating point registers'
[    0.000000] x86/fpu: Supporting XSAVE feature 0x02: 'SSE registers'
[    0.000000] x86/fpu: Supporting XSAVE feature 0x04: 'AVX registers'
[    0.000000] x86/fpu: Enabled xstate features 0x7, context size is 832 bytes, using 'standard' format.
[    0.000000] x86/fpu: Using 'lazy' FPU context switches.
[    0.000000] e820: BIOS-provided physical RAM map:
[    0.000000] BIOS-e820: [mem 0x0000000000000000-0x000000000009fbff] usable
[    0.000000] BIOS-e820: [mem 0x000000000009fc00-0x000000000009ffff] reserved
[    0.000000] BIOS-e820: [mem 0x00000000000f0000-0x00000000000fffff] reserved
[    0.000000] BIOS-e820: [mem 0x0000000000100000-0x000000003ffeffff] usable
[    0.000000] BIOS-e820: [mem 0x000000003fff0000-0x000000003fffffff] ACPI data
[    0.000000] BIOS-e820: [mem 0x00000000fec00000-0x00000000fec00fff] reserved
[    0.000000] BIOS-e820: [mem 0x00000000fee00000-0x00000000fee00fff] reserved
[    0.000000] BIOS-e820: [mem 0x00000000fffc0000-0x00000000ffffffff] reserved
[    0.000000] NX (Execute Disable) protection: active
[    0.000000] SMBIOS 2.5 present.
[    0.000000] Hypervisor detected: KVM
[    0.000000] e820: last_pfn = 0x3fff0 max_arch_pfn = 0x400000000
[    0.000000] MTRR: Disabled
[    0.000000] x86/PAT: MTRRs disabled, skipping PAT initialization too.
[    0.000000] CPU MTRRs all blank - virtualized system.
[    0.000000] x86/PAT: Configuration [0-7]: WB  WT  UC- UC  WB  WT  UC- UC  
[    0.000000] found SMP MP-table at [mem 0x0009fff0-0x0009ffff] mapped at [ffff88000009fff0]
[    0.000000] Scanning 1 areas for low memory corruption
[    0.000000] RAMDISK: [mem 0x36232000-0x37110fff]
[    0.000000] ACPI: Early table checksum verification disabled
[    0.000000] ACPI: RSDP 0x00000000000E0000 000024 (v02 VBOX  )
[    0.000000] ACPI: XSDT 0x000000003FFF0030 00003C (v01 VBOX   VBOXXSDT 00000001 ASL  00000061)
[    0.000000] ACPI: FACP 0x000000003FFF00F0 0000F4 (v04 VBOX   VBOXFACP 00000001 ASL  00000061)
[    0.000000] ACPI: DSDT 0x000000003FFF0470 0021FF (v02 VBOX   VBOXBIOS 00000002 INTL 20100528)
[    0.000000] ACPI: FACS 0x000000003FFF0200 000040
[    0.000000] ACPI: FACS 0x000000003FFF0200 000040
[    0.000000] ACPI: APIC 0x000000003FFF0240 00005C (v02 VBOX   VBOXAPIC 00000001 ASL  00000061)
[    0.000000] ACPI: SSDT 0x000000003FFF02A0 0001CC (v01 VBOX   VBOXCPUT 00000002 INTL 20100528)
[    0.000000] No NUMA configuration found
[    0.000000] Faking a node at [mem 0x0000000000000000-0x000000003ffeffff]
[    0.000000] NODE_DATA(0) allocated [mem 0x3ffeb000-0x3ffeffff]
[    0.000000] kvm-clock: Using msrs 4b564d01 and 4b564d00
[    0.000000] kvm-clock: cpu 0, msr 0:3ffe3001, primary cpu clock
[    0.000000] kvm-clock: using sched offset of 3362448641 cycles
[    0.000000] clocksource: kvm-clock: mask: 0xffffffffffffffff max_cycles: 0x1cd42e4dffb, max_idle_ns: 881590591483 ns
[    0.000000] Zone ranges:
[    0.000000]   DMA      [mem 0x0000000000001000-0x0000000000ffffff]
[    0.000000]   DMA32    [mem 0x0000000001000000-0x000000003ffeffff]
[    0.000000]   Normal   empty
[    0.000000]   Device   empty
[    0.000000] Movable zone start for each node
[    0.000000] Early memory node ranges
[    0.000000]   node   0: [mem 0x0000000000001000-0x000000000009efff]
[    0.000000]   node   0: [mem 0x0000000000100000-0x000000003ffeffff]
[    0.000000] Initmem setup node 0 [mem 0x0000000000001000-0x000000003ffeffff]
[    0.000000] ACPI: PM-Timer IO Port: 0x4008
[    0.000000] IOAPIC[0]: apic_id 2, version 32, address 0xfec00000, GSI 0-23
[    0.000000] ACPI: INT_SRC_OVR (bus 0 bus_irq 0 global_irq 2 dfl dfl)
[    0.000000] ACPI: INT_SRC_OVR (bus 0 bus_irq 9 global_irq 9 high level)
[    0.000000] Using ACPI (MADT) for SMP configuration information
[    0.000000] smpboot: Allowing 2 CPUs, 0 hotplug CPUs
[    0.000000] PM: Registered nosave memory: [mem 0x00000000-0x00000fff]
[    0.000000] PM: Registered nosave memory: [mem 0x0009f000-0x0009ffff]
[    0.000000] PM: Registered nosave memory: [mem 0x000a0000-0x000effff]
[    0.000000] PM: Registered nosave memory: [mem 0x000f0000-0x000fffff]
[    0.000000] e820: [mem 0x40000000-0xfebfffff] available for PCI devices
[    0.000000] Booting paravirtualized kernel on KVM
[    0.000000] clocksource: refined-jiffies: mask: 0xffffffff max_cycles: 0xffffffff, max_idle_ns: 7645519600211568 ns
[    0.000000] setup_percpu: NR_CPUS:512 nr_cpumask_bits:512 nr_cpu_ids:2 nr_node_ids:1
[    0.000000] PERCPU: Embedded 33 pages/cpu @ffff88003fc00000 s98200 r8192 d28776 u1048576
[    0.000000] PV qspinlock hash table entries: 256 (order: 0, 4096 bytes)
[    0.000000] Built 1 zonelists in Node order, mobility grouping on.  Total pages: 257913
[    0.000000] Policy zone: DMA32
[    0.000000] Kernel command line: BOOT_IMAGE=/boot/vmlinuz-4.4.0-104-generic root=UUID=743b1402-d445-494c-af0b-749040bb33e4 ro console=tty1 console=ttyS0
[    0.000000] PID hash table entries: 4096 (order: 3, 32768 bytes)
[    0.000000] Memory: 997344K/1048120K available (8485K kernel code, 1295K rwdata, 3988K rodata, 1492K init, 1316K bss, 50776K reserved, 0K cma-reserved)
[    0.000000] SLUB: HWalign=64, Order=0-3, MinObjects=0, CPUs=2, Nodes=1
[    0.000000] Hierarchical RCU implementation.
[    0.000000] 	Build-time adjustment of leaf fanout to 64.
[    0.000000] 	RCU restricting CPUs from NR_CPUS=512 to nr_cpu_ids=2.
[    0.000000] RCU: Adjusting geometry for rcu_fanout_leaf=64, nr_cpu_ids=2
[    0.000000] NR_IRQS:33024 nr_irqs:440 16
[    0.000000] Console: colour VGA+ 80x25
[    0.000000] console [tty1] enabled
[    0.000000] console [ttyS0] enabled
[    0.000000] tsc: Detected 3392.296 MHz processor
[    4.813050] Calibrating delay loop (skipped) preset value.. 6784.59 BogoMIPS (lpj=13569184)
[    5.047124] pid_max: default: 32768 minimum: 301
[    5.094778] ACPI: Core revision 20150930
[    5.104488] ACPI: 2 ACPI AML tables successfully acquired and loaded
[    5.127476] Security Framework initialized
[    5.138645] Yama: becoming mindful.
[    5.143806] AppArmor: AppArmor initialized
[    5.156553] Dentry cache hash table entries: 131072 (order: 8, 1048576 bytes)
[    5.373816] Inode-cache hash table entries: 65536 (order: 7, 524288 bytes)
[    5.471263] Mount-cache hash table entries: 2048 (order: 2, 16384 bytes)
[    5.472237] Mountpoint-cache hash table entries: 2048 (order: 2, 16384 bytes)
[    5.473384] Initializing cgroup subsys io
[    5.474071] Initializing cgroup subsys memory
[    5.474845] Initializing cgroup subsys devices
[    5.478564] Initializing cgroup subsys freezer
[    5.479339] Initializing cgroup subsys net_cls
[    5.480076] Initializing cgroup subsys perf_event
[    5.480931] Initializing cgroup subsys net_prio
[    5.481759] Initializing cgroup subsys hugetlb
[    5.482525] Initializing cgroup subsys pids
[    5.483325] CPU: Physical Processor ID: 0
[    5.484009] CPU: Processor Core ID: 0
[    5.545803] mce: CPU supports 0 MCE banks
[    5.678602] Last level iTLB entries: 4KB 512, 2MB 8, 4MB 8
[    5.723479] Last level dTLB entries: 4KB 512, 2MB 32, 4MB 32, 1GB 0
[    5.726188] Freeing SMP alternatives memory: 32K
[    5.734596] ftrace: allocating 32158 entries in 126 pages
[    5.938521] smpboot: APIC(0) Converting physical 0 to logical package 0
[    5.983660] smpboot: Max logical packages: 1
[    5.991039] x2apic enabled
[    5.991795] Switched APIC routing to physical x2apic.
[    5.993573] ..TIMER: vector=0x30 apic1=0 pin1=2 apic2=-1 pin2=-1
[    6.125851] smpboot: CPU0: Intel(R) Core(TM) i7-3770 CPU @ 3.40GHz (family: 0x6, model: 0x3a, stepping: 0x9)
[    6.147734] Performance Events: unsupported p6 CPU model 58 no PMU driver, software events only.
[    6.149281] KVM setup paravirtual spinlock
[    6.185765] x86: Booting SMP configuration:
[    6.186517] .... node  #0, CPUs:      #1
[    6.224052] kvm-clock: cpu 1, msr 0:3ffe3041, secondary cpu clock
[    6.225008] mce: CPU supports 0 MCE banks
[    6.227425] x86: Booted up 1 node, 2 CPUs
[    6.329303] smpboot: Total of 2 processors activated (13569.18 BogoMIPS)
[    6.539589] devtmpfs: initialized
[    6.649488] evm: security.selinux
[    6.706286] evm: security.SMACK64
[    6.707111] evm: security.SMACK64EXEC
[    6.707755] evm: security.SMACK64TRANSMUTE
[    6.708451] evm: security.SMACK64MMAP
[    6.709091] evm: security.ima
[    6.709666] evm: security.capability
[    6.715416] clocksource: jiffies: mask: 0xffffffff max_cycles: 0xffffffff, max_idle_ns: 7645041785100000 ns
[    6.716948] futex hash table entries: 512 (order: 3, 32768 bytes)
[    6.717974] pinctrl core: initialized pinctrl subsystem
[    6.718912] RTC time:  0:35:48, date: 12/19/17
[    6.719974] NET: Registered protocol family 16
[    6.735422] cpuidle: using governor ladder
[    6.883935] cpuidle: using governor menu
[    6.964222] PCCT header not found.
[    7.051346] ACPI: bus type PCI registered
[    7.052053] acpiphp: ACPI Hot Plug PCI Controller Driver version: 0.5
[    7.053106] PCI: Using configuration type 1 for base access
[    7.068714] ACPI: Added _OSI(Module Device)
[    7.069449] ACPI: Added _OSI(Processor Device)
[    7.070204] ACPI: Added _OSI(3.0 _SCP Extensions)
[    7.070982] ACPI: Added _OSI(Processor Aggregator Device)
[    7.072450] ACPI: Executed 1 blocks of module-level executable AML code
[    7.149834] ACPI: Interpreter enabled
[    7.164597] ACPI: (supports S0 S5)
[    7.165225] ACPI: Using IOAPIC for interrupt routing
[    7.166164] PCI: Using host bridge windows from ACPI; if necessary, use "pci=nocrs" and report a bug
[    7.170672] ACPI: PCI Root Bridge [PCI0] (domain 0000 [bus 00-ff])
[    7.172753] acpi PNP0A03:00: _OSC: OS supports [ASPM ClockPM Segments MSI]
[    7.186285] acpi PNP0A03:00: _OSC: not requesting OS control; OS requires [ExtendedConfig ASPM ClockPM MSI]
[    7.189112] acpi PNP0A03:00: fail to add MMCONFIG information, can't access extended PCI configuration space under this bridge.
[    7.191089] PCI host bridge to bus 0000:00
[    7.191775] pci_bus 0000:00: root bus resource [io  0x0000-0x0cf7 window]
[    7.283848] pci_bus 0000:00: root bus resource [io  0x0d00-0xffff window]
[    7.418865] pci_bus 0000:00: root bus resource [mem 0x000a0000-0x000bffff window]
[    7.623567] pci_bus 0000:00: root bus resource [mem 0x40000000-0xffdfffff window]
[    7.820647] pci_bus 0000:00: root bus resource [bus 00-ff]
[    7.995439] pci 0000:00:01.1: legacy IDE quirk: reg 0x10: [io  0x01f0-0x01f7]
[    8.184482] pci 0000:00:01.1: legacy IDE quirk: reg 0x14: [io  0x03f6]
[    8.210410] pci 0000:00:01.1: legacy IDE quirk: reg 0x18: [io  0x0170-0x0177]
[    8.221008] pci 0000:00:01.1: legacy IDE quirk: reg 0x1c: [io  0x0376]
[    8.281622] pci 0000:00:07.0: quirk: [io  0x4000-0x403f] claimed by PIIX4 ACPI
[    8.501677] pci 0000:00:07.0: quirk: [io  0x4100-0x410f] claimed by PIIX4 SMB
[    8.716062] ACPI: PCI Interrupt Link [LNKA] (IRQs 5 9 10 *11)
[    8.771197] ACPI: PCI Interrupt Link [LNKB] (IRQs 5 9 10 *11)
[    8.923617] ACPI: PCI Interrupt Link [LNKC] (IRQs 5 9 *10 11)
[    9.084627] ACPI: PCI Interrupt Link [LNKD] (IRQs 5 *9 10 11)
[    9.251192] ACPI: Enabled 2 GPEs in block 00 to 07
[    9.265165] vgaarb: setting as boot device: PCI:0000:00:02.0
[    9.266060] vgaarb: device added: PCI:0000:00:02.0,decodes=io+mem,owns=io+mem,locks=none
[    9.280015] vgaarb: loaded
[    9.282975] vgaarb: bridge control possible 0000:00:02.0
[    9.284020] SCSI subsystem initialized
[    9.284780] ACPI: bus type USB registered
[    9.285477] usbcore: registered new interface driver usbfs
[    9.294155] usbcore: registered new interface driver hub
[    9.295025] usbcore: registered new device driver usb
[    9.302713] PCI: Using ACPI for IRQ routing
[    9.303675] NetLabel: Initializing
[    9.304301] NetLabel:  domain hash size = 128
[    9.305015] NetLabel:  protocols = UNLABELED CIPSOv4
[    9.387592] NetLabel:  unlabeled traffic allowed by default
[    9.558779] amd_nb: Cannot enumerate AMD northbridges
[    9.698668] clocksource: Switched to clocksource kvm-clock
[    9.771934] AppArmor: AppArmor Filesystem Enabled
[    9.922224] pnp: PnP ACPI init
[   10.024210] pnp: PnP ACPI: found 3 devices
[   10.086369] clocksource: acpi_pm: mask: 0xffffff max_cycles: 0xffffff, max_idle_ns: 2085701024 ns
[   10.294844] NET: Registered protocol family 2
[   10.295885] TCP established hash table entries: 8192 (order: 4, 65536 bytes)
[   10.297165] TCP bind hash table entries: 8192 (order: 5, 131072 bytes)
[   10.298151] TCP: Hash tables configured (established 8192 bind 8192)
[   10.314618] UDP hash table entries: 512 (order: 2, 16384 bytes)
[   10.315548] UDP-Lite hash table entries: 512 (order: 2, 16384 bytes)
[   10.316562] NET: Registered protocol family 1
[   10.317372] pci 0000:00:00.0: Limiting direct PCI/PCI transfers
[   10.319869] pci 0000:00:01.0: Activating ISA DMA hang workarounds
[   10.321120] Unpacking initramfs...
[   10.489920] Freeing initrd memory: 15228K
[   10.615280] RAPL PMU detected, API unit is 2^-32 Joules, 3 fixed counters 10737418240 ms ovfl timer
[   10.665613] hw unit of domain pp0-core 2^-0 Joules
[   10.666390] hw unit of domain package 2^-0 Joules
[   10.667300] hw unit of domain pp1-gpu 2^-0 Joules
[   10.668144] platform rtc_cmos: registered platform RTC device (no PNP device found)
[   10.669461] Scanning for low memory corruption every 60 seconds
[   10.707697] audit: initializing netlink subsys (disabled)
[   10.708556] audit: type=2000 audit(1513643747.287:1): initialized
[   10.709699] Initialise system trusted keyring
[   10.710576] HugeTLB registered 2 MB page size, pre-allocated 0 pages
[   10.775237] zbud: loaded
[   10.775946] VFS: Disk quotas dquot_6.6.0
[   10.776637] VFS: Dquot-cache hash table entries: 512 (order 0, 4096 bytes)
[   10.777919] squashfs: version 4.0 (2009/01/31) Phillip Lougher
[   10.785119] fuse init (API version 7.23)
[   10.785941] Key type big_key registered
[   10.786612] Allocating IMA MOK and blacklist keyrings.
[   10.788566] Key type asymmetric registered
[   10.789268] Asymmetric key parser 'x509' registered
[   10.790101] Block layer SCSI generic (bsg) driver version 0.4 loaded (major 249)
[   10.791464] io scheduler noop registered
[   10.792155] io scheduler deadline registered (default)
[   10.797370] io scheduler cfq registered
[   10.798094] pci_hotplug: PCI Hot Plug PCI Core version: 0.5
[   10.816409] pciehp: PCI Express Hot Plug Controller Driver version: 0.4
[   10.817666] ACPI: AC Adapter [AC] (on-line)
[   10.818443] input: Power Button as /devices/LNXSYSTM:00/LNXPWRBN:00/input/input0
[   10.819706] ACPI: Power Button [PWRF]
[   10.820420] input: Sleep Button as /devices/LNXSYSTM:00/LNXSLPBN:00/input/input1
[   10.821656] ACPI: Sleep Button [SLPF]
[   10.844556] GHES: HEST is not enabled!
[   10.845346] Serial: 8250/16550 driver, 32 ports, IRQ sharing enabled
[   10.868406] 00:02: ttyS0 at I/O 0x3f8 (irq = 4, base_baud = 115200) is a 16550A
[   10.872198] Linux agpgart interface v0.103
[   10.876998] loop: module loaded
[   10.878057] scsi host0: ata_piix
[   10.878743] scsi host1: ata_piix
[   10.879384] ata1: PATA max UDMA/33 cmd 0x1f0 ctl 0x3f6 bmdma 0xd000 irq 14
[   10.881877] ata2: PATA max UDMA/33 cmd 0x170 ctl 0x376 bmdma 0xd008 irq 15
[   10.920858] libphy: Fixed MDIO Bus: probed
[   11.041244] tun: Universal TUN/TAP device driver, 1.6
[   11.191287] tun: (C) 1999-2004 Max Krasnyansky <maxk@qualcomm.com>
[   11.340559] PPP generic driver version 2.4.2
[   11.343053] ehci_hcd: USB 2.0 'Enhanced' Host Controller (EHCI) Driver
[   11.348642] ehci-pci: EHCI PCI platform driver
[   11.349404] ehci-platform: EHCI generic platform driver
[   11.351627] ohci_hcd: USB 1.1 'Open' Host Controller (OHCI) Driver
[   11.352573] ohci-pci: OHCI PCI platform driver
[   11.361294] ohci-platform: OHCI generic platform driver
[   11.362134] uhci_hcd: USB Universal Host Controller Interface driver
[   11.373146] i8042: PNP: PS/2 Controller [PNP0303:PS2K,PNP0f03:PS2M] at 0x60,0x64 irq 1,12
[   11.380684] serio: i8042 KBD port at 0x60,0x64 irq 1
[   11.381483] serio: i8042 AUX port at 0x60,0x64 irq 12
[   11.384173] mousedev: PS/2 mouse device common for all mice
[   11.385439] input: AT Translated Set 2 keyboard as /devices/platform/i8042/serio0/input/input2
[   11.387181] rtc_cmos rtc_cmos: rtc core: registered rtc_cmos as rtc0
[   11.388203] rtc_cmos rtc_cmos: alarms up to one day, 114 bytes nvram
[   11.389162] i2c /dev entries driver
[   11.389828] device-mapper: uevent: version 1.0.3
[   11.395444] device-mapper: ioctl: 4.34.0-ioctl (2015-10-28) initialised: dm-devel@redhat.com
[   11.397026] ledtrig-cpu: registered to indicate activity on CPUs
[   11.398355] NET: Registered protocol family 10
[   11.399258] NET: Registered protocol family 17
[   11.400007] Key type dns_resolver registered
[   11.400823] microcode: CPU0 sig=0x306a9, pf=0x2, revision=0x19
[   11.401697] microcode: CPU1 sig=0x306a9, pf=0x2, revision=0x19
[   11.402641] microcode: Microcode Update Driver: v2.01 <tigran@aivazian.fsnet.co.uk>, Peter Oruba
[   11.405637] registered taskstats version 1
[   11.406666] Loading compiled-in X.509 certificates
[   11.408070] Loaded X.509 cert 'Build time autogenerated kernel key: 8537ad706776f532219d7336343c968b9f82f7c7'
[   11.409615] zswap: loaded using pool lzo/zbud
[   11.411861] Key type trusted registered
[   11.414987] Key type encrypted registered
[   11.415681] AppArmor: AppArmor sha1 policy hashing enabled
[   11.416758] ima: No TPM chip found, activating TPM-bypass!
[   11.417620] evm: HMAC attrs: 0x1
[   11.418512]   Magic number: 13:490:557
[   11.419248] rtc_cmos rtc_cmos: setting system clock to 2017-12-19 00:35:52 UTC (1513643752)
[   11.422687] BIOS EDD facility v0.16 2004-Jun-25, 0 devices found
[   11.423724] EDD information not available.
[   11.425485] Freeing unused kernel memory: 1492K
[   11.426576] Write protecting the kernel read-only data: 14336k
[   11.427868] Freeing unused kernel memory: 1744K
[   11.428850] Freeing unused kernel memory: 108K
Loading, please wait...
starting version[   11.437859] random: systemd-udevd: uninitialized urandom read (16 bytes read, 2 bits of entropy available)
 229
[   11.438268] random: udevadm: uninitialized urandom read (16 bytes read, 2 bits of entropy available)
[   11.438282] random: udevadm: uninitialized urandom read (16 bytes read, 2 bits of entropy available)
[   11.443826] random: udevadm: uninitialized urandom read (16 bytes read, 2 bits of entropy available)
[   11.443852] random: udevadm: uninitialized urandom read (16 bytes read, 2 bits of entropy available)
[   11.443953] random: udevadm: uninitialized urandom read (16 bytes read, 2 bits of entropy available)
[   11.443993] random: udevadm: uninitialized urandom read (16 bytes read, 2 bits of entropy available)
[   11.444028] random: udevadm: uninitialized urandom read (16 bytes read, 2 bits of entropy available)
[   11.444063] random: udevadm: uninitialized urandom read (16 bytes read, 2 bits of entropy available)
[   11.444099] random: udevadm: uninitialized urandom read (16 bytes read, 2 bits of entropy available)
[   11.530180] e1000: Intel(R) PRO/1000 Network Driver - version 7.3.21-k8-NAPI
[   11.541991] e1000: Copyright (c) 1999-2006 Intel Corporation.
[   11.579251] Fusion MPT base driver 3.04.20
[   11.689362] Copyright (c) 1999-2008 LSI Corporation
[   11.693881] tsc: Refined TSC clocksource calibration: 3390.766 MHz
[   11.694833] clocksource: tsc: mask: 0xffffffffffffffff max_cycles: 0x30e03bcdff6, max_idle_ns: 440795279679 ns
[   11.706931] AVX version of gcm_enc/dec engaged.
[   11.707756] AES CTR mode by8 optimization enabled
[   11.713916] Fusion MPT SPI Host driver 3.04.20
[   11.781219] input: ImExPS/2 Generic Explorer Mouse as /devices/platform/i8042/serio1/input/input4
[   12.038571] e1000 0000:00:03.0 eth0: (PCI:33MHz:32-bit) 02:63:8e:2c:ef:cd
[   12.171613] e1000 0000:00:03.0 eth0: Intel(R) PRO/1000 Network Connection
[   12.345720] mptbase: ioc0: Initiating bringup
[   12.388781] e1000 0000:00:03.0 enp0s3: renamed from eth0
[   12.451513] ioc0: LSI53C1030 A0: Capabilities={Initiator}
[   12.742228] scsi host2: ioc0: LSI53C1030 A0, FwRev=00000000h, Ports=1, MaxQ=256, IRQ=20
[   12.859199] scsi 2:0:0:0: Direct-Access     VBOX     HARDDISK         1.0  PQ: 0 ANSI: 5
[   13.083290] scsi target2:0:0: Beginning Domain Validation
[   13.229919] scsi target2:0:0: Domain Validation skipping write tests
[   13.423644] scsi target2:0:0: Ending Domain Validation
[   13.428519] scsi target2:0:0: asynchronous
[   13.429514] scsi 2:0:1:0: Direct-Access     VBOX     HARDDISK         1.0  PQ: 0 ANSI: 5
[   13.443072] scsi target2:0:1: Beginning Domain Validation
[   13.448551] scsi target2:0:1: Domain Validation skipping write tests
[   13.467277] scsi target2:0:1: Ending Domain Validation
[   13.468147] scsi target2:0:1: asynchronous
[   13.473940] sd 2:0:0:0: Attached scsi generic sg0 type 0
[   13.497254] sd 2:0:0:0: [sda] 20971520 512-byte logical blocks: (10.7 GB/10.0 GiB)
[   13.500373] sd 2:0:1:0: Attached scsi generic sg1 type 0
[   13.510814] sd 2:0:0:0: [sda] Write Protect is off
[   13.513646] sd 2:0:1:0: [sdb] 20480 512-byte logical blocks: (10.5 MB/10.0 MiB)
[   13.521804] sd 2:0:0:0: [sda] Incomplete mode parameter data
[   13.522684] sd 2:0:0:0: [sda] Assuming drive cache: write through
[   13.531241] sd 2:0:1:0: [sdb] Write Protect is off
[   13.542244] sd 2:0:1:0: [sdb] Incomplete mode parameter data
[   13.544381] sd 2:0:1:0: [sdb] Assuming drive cache: write through
[   13.547438]  sda: sda1
[   13.568423] sd 2:0:0:0: [sda] Attached SCSI disk
[   13.717093] sd 2:0:1:0: [sdb] Attached SCSI disk
[   14.579185] floppy0: no floppy controllers found
Begin: Loading e[   15.962707] md: linear personality registered for level -1
ssential drivers[   16.175576] md: multipath personality registered for level -4
 ... [   16.305358] md: raid0 personality registered for level 0
[   16.451413] md: raid1 personality registered for level 1
[   16.522685] raid6: sse2x1   gen()  9765 MB/s
[   16.682679] raid6: sse2x1   xor()  7657 MB/s
[   16.839147] raid6: sse2x2   gen() 12541 MB/s
[   17.019179] raid6: sse2x2   xor()  8841 MB/s
[   17.159172] raid6: sse2x4   gen() 14366 MB/s
[   17.358730] raid6: sse2x4   xor() 10516 MB/s
[   17.487559] raid6: using algorithm sse2x4 gen() 14366 MB/s
[   17.653603] raid6: .... xor() 10516 MB/s, rmw enabled
[   17.663541] raid6: using ssse3x2 recovery algorithm
[   17.667382] xor: automatically using best checksumming function:
[   17.722772]    avx       : 22485.000 MB/sec
[   17.855602] async_tx: api initialized (async)
[   17.976049] md: raid6 personality registered for level 6
[   18.088671] md: raid5 personality registered for level 5
[   18.164168] md: raid4 personality registered for level 4
[   18.274749] md: raid10 personality registered for level 10
done.
Begin: Running /scripts/init-premount ... done.
Begin: Mounting root file syst[   18.334174] Btrfs loaded
em ... Begin: Running /scripts/l[   18.446900] EXT4-fs (sda1): INFO: recovery required on readonly filesystem
ocal-top ... don[   18.588269] EXT4-fs (sda1): write access will be enabled during recovery
e.
Begin: Running /scripts/local-premount ... Scanning for Btrfs filesystems
done.
Warning: fsck not present, so skipping root file system
[   18.903530] EXT4-fs (sda1): recovery complete
[   19.041384] EXT4-fs (sda1): mounted filesystem with ordered data mode. Opts: (null)
done.
Begin: Running /scripts/local-bottom ... done.
Begin: Running /scripts/init-bottom ... done.
[   20.000056] random: nonblocking pool is initialized
[   20.233866] systemd[1]: systemd 229 running in system mode. (+PAM +AUDIT +SELINUX +IMA +APPARMOR +SMACK +SYSVINIT +UTMP +LIBCRYPTSETUP +GCRYPT +GNUTLS +ACL +XZ -LZ4 +SECCOMP +BLKID +ELFUTILS +KMOD -IDN)
[   20.334147] systemd[1]: Detected virtualization oracle.
[   20.358435] systemd[1]: Detected architecture x86-64.

Welcome to [1mUbuntu 16.04.3 LTS[0m!

[   20.528565] systemd[1]: Set hostname to <ubuntu-xenial>.
[   21.218395] systemd[1]: Created slice System Slice.
[[0;32m  OK  [0m] Created slice System Slice.
[   21.399757] systemd[1]: Listening on Journal Socket (/dev/log).
[[0;32m  OK  [0m] Listening on Journal Socket (/dev/log).
[   21.543590] systemd[1]: Listening on /dev/initctl Compatibility Named Pipe.
[[0;32m  OK  [0m] Listening on /dev/initctl Compatibility Named Pipe.
[   21.709840] systemd[1]: Reached target Encrypted Volumes.
[[0;32m  OK  [0m] Reached target Encrypted Volumes.
[   21.711562] systemd[1]: Listening on Journal Socket.
[[0;32m  OK  [0m] Listening on Journal Socket.
[   21.742884] systemd[1]: Mounting Huge Pages File System...
         Mounting Huge Pages File System...
[   21.807632] systemd[1]: Listening on udev Kernel Socket.
[[0;32m  OK  [0m] Listening on udev Kernel Socket.
[   21.867151] systemd[1]: Listening on Syslog Socket.
[[0;32m  OK  [0m] Listening on Syslog Socket.
[   21.928336] systemd[1]: Listening on LVM2 metadata daemon socket.
[[0;32m  OK  [0m] Listening on LVM2 metadata daemon socket.
[   21.943419] systemd[1]: Starting Nameserver information manager...
         Starting Nameserver information manager...
[   22.119702] systemd[1]: Started Forward Password Requests to Wall Directory Watch.
[[0;32m  OK  [0m] Started Forward Password Requests to Wall Directory Watch.
[   22.311698] systemd[1]: Listening on LVM2 poll daemon socket.
[[0;32m  OK  [0m] Listening on LVM2 poll daemon socket.
[   22.515646] systemd[1]: Starting Set console keymap...
         Starting Set console keymap...
[   22.609965] systemd[1]: Created slice User and Session Slice.
[[0;32m  OK  [0m] Created slice User and Session Slice.
[   22.611787] systemd[1]: Started Trigger resolvconf update for networkd DNS.
[[0;32m  OK  [0m] Started Trigger resolvconf update for networkd DNS.
[   22.731772] systemd[1]: Listening on Device-mapper event daemon FIFOs.
[[0;32m  OK  [0m] Listening on Device-mapper event daemon FIFOs.
[   22.927181] systemd[1]: Starting Monitoring of LVM2 mirrors, snapshots etc. using dmeventd or progress polling...
         Starting Monitoring of LVM2 mirrors... dmeventd or progress polling...
[   22.958909] systemd[1]: Mounting Debug File System...
         Mounting Debug File System...
[   23.003587] systemd[1]: Reached target Swap.
[[0;32m  OK  [0m] Reached target Swap.
[   23.075484] systemd[1]: Set up automount Arbitrary Executable File Formats File System Automount Point.
[[0;32m  OK  [0m] Set up automount Arbitrary Executab...ats File System Automount Point.
[   23.186291] systemd[1]: Listening on Journal Audit Socket.
[[0;32m  OK  [0m] Listening on Journal Audit Socket.
[   23.375222] systemd[1]: Starting Journal Service...
         Starting Journal Service...
[   23.467666] systemd[1]: Mounting POSIX Message Queue File System...
         Mounting POSIX Message Queue File System...
[   23.587719] systemd[1]: Starting Create list of required static device nodes for the current kernel...
         Starting Create list of required st... nodes for the current kernel...
[   23.627218] systemd[1]: Starting Load Kernel Modules...
         Starting Load Kernel Mo[   23.688476] Loading iSCSI transport class v2.0-870.
dules...
[   23.875252] systemd[1]: Reached target Slices.
[[0;32m  OK  [[   23.908012] iscsi: registered transport (tcp)
0m] Reached target Slices.
[   24.020077] systemd[1]: Created slice system-serial\x2dgetty.slice.
[[0;32m  OK  [0m] Created slice system-serial\x2dgetty.slice.
[   24.055257] systemd[1]: Starting Remount Root and Kernel File Systems...
         Startin[   24.108393] EXT4-fs (sda1): re-mounted. Opts: (null)
g Remount Root and Kernel File Systems...
[   24.119177] iscsi: registered transport (iser)
[   24.167170] systemd[1]: Listening on udev Control Socket.
[[0;32m  OK  [0m] Listening on udev Control Socket.
[   24.169510] systemd[1]: Starting Uncomplicated firewall...
         Starting Uncomplicated firewall...
[   24.173023] systemd[1]: Reached target User and Group Name Lookups.
[[0;32m  OK  [0m] Reached target User and Group Name Lookups.
[   24.186815] systemd[1]: Mounted POSIX Message Queue File System.
[[0;32m  OK  [0m] Mounted POSIX Message Queue File System.
[   24.188684] systemd[1]: Mounted Debug File System.
[[0;32m  OK  [0m] Mounted Debug File System.
[   24.195246] systemd[1]: Mounted Huge Pages File System.
[[0;32m  OK  [0m] Mounted Huge Pages File System.
[   24.201106] systemd[1]: Started Journal Service.
[[0;32m  OK  [0m] Started Journal Service.
[[0;32m  OK  [0m] Started Set console keymap.
[[0;32m  OK  [0m] Started Create list of required sta...ce nodes for the current kernel.
[[0;32m  OK  [0m] Started Load Kernel Modules.
[[0;32m  OK  [0m] Started Remount Root and Kernel File Systems.
[[0;32m  OK  [0m] Started Uncomplicated firewall.
[[0;32m  OK  [0m] Started Nameserver information manager.
[[0;32m  OK  [0m] Started LVM2 metadata daemon.
         Starting Load/Save Random Seed...
         Starting Initial cloud-init job (pre-networking)...
         Starting udev Coldplug all Devices...
         Mounting FUSE Control File System...
         Starting Apply Kernel Variables...
         Starting Create Static Device Nodes in /dev...
         Starting Flush Journal to Persistent Storage...
[[0;32m  OK  [0m] Mounted FUSE Control File System.
[[0;32m  OK  [0m] Started Load/Save Random Seed.
[[0;32m  OK  [0m] Started Apply Kernel Variables.
[[0;32m  OK  [0m] Started udev Coldplug all Devices.
[[0;32m  OK  [0m] Started Monitoring of LVM2 mirrors,...ng dmeventd or progress polling.
[[0;32m  OK  [0m] Started Create Static Device Nodes in /dev.
         Starting udev Kernel Device Manager...
[[0;32m  OK  [0m] Started Flush Journal to Persistent Storage.
[[0;32m  OK  [0m] Started udev Kernel Device Manager.
[[0;32m  OK  [0m] Reached target Local File Systems (Pre).
[[0;32m  OK  [0m] Reached target Local File Systems.
         Starting Create Volatile Files and Directories...
         Starting LSB: AppArmor initialization...
         Starting Tell Plymouth To Write Out Runtime Data...
         Starting Set console font and keymap...
[[0;32m  OK  [0m] Started Dispatch Password Requests to Console Directory Watch.
[[0;32m  OK  [0m] Found device /dev/ttyS0.
[[0;32m  OK  [0m] Started Tell Plymouth To Write Out Runtime Data.
[[0;32m  OK  [0m] Started Create Volatile Files and Directories.
[[0;32m  OK  [0m] Reached target System Time Synchronized.
         Starting Update UTMP about System Boot/Shutdown...
[[0;32m  OK  [0m] Started Update UTMP about System Boot/Shutdown.
[[0;32m  OK  [0m] Found device 82540EM Gigabit Ethern...r (PRO/1000 MT Desktop Adapter).
[[0;32m  OK  [0m] Started Set console font and keymap.
[[0;32m  OK  [0m] Created slice system-getty.slice.
[[0;32m  OK  [0m] Listening on Load/Save RF Kill Switch Status /dev/rfkill Watch.
[[0;32m  OK  [0m] Started LSB: AppArmor initialization.
[   18.978260] cloud-init[432]: Cloud-init v. 17.1 running 'init-local' at Tue, 19 Dec 2017 00:36:08 +0000. Up 18.44 seconds.
[[0;32m  OK  [0m] Started Initial cloud-init job (pre-networking).
[[0;32m  OK  [0m] Reached target Network (Pre).
[[0;32m  OK  [0m] Started ifup for enp0s3.
         Starting Raise network interfaces...
[[0;32m  OK  [0m] Started Raise network interfaces.
         Starting Initial cloud-init job (metadata service crawler)...
[[0;32m  OK  [0m] Reached target Network.
[   20.235105] cloud-init[962]: Cloud-init v. 17.1 running 'init' at Tue, 19 Dec 2017 00:36:09 +0000. Up 19.58 seconds.
[[0;32m  OK  [0m] Started Initial cloud-init job (metadata service crawler).
[   20.278831] cloud-init[962]: ci-info: +++++++++++++++++++++++++++++++++++++Net device info++++++++++++++++++++++++++++++++++++++
[   20.282434] cloud-init[962]: ci-info: +--------+------+----------------------------+---------------+-------+-------------------+
[   20.282546] cloud-init[962]: ci-info: | Device |  Up  |          Address           |      Mask     | Scope |     Hw-Address    |
[[0;32m  OK  [0m] Reached target System Initialization.
[   20.282687] cloud-init[962]: ci-info: +--------+------+----------------------------+---------------+-------+-------------------+
[   20.359867] cloud-init[962]: ci-info: | enp0s3 | True |         10.0.2.15          | 255.255.255.0 |   .   | 02:63:8e:2c:ef:cd |
[   20.360109] cloud-init[962]: ci-info: | enp0s3 | True | fe80::63:8eff:fe2c:efcd/64 |       .       |  link | 02:63:8e:2c:ef:cd |
[[0;32m  OK  [0m] Started Timer to automatically refresh installed snaps.
[[   20.360217] cloud-init[962]: ci-info: |   lo   | True |         127.0.0.1          |   255.0.0.0   |   .   |         .         |
[   20.415553] cloud-init[962]: ci-info: |   lo   | True |          ::1/128           |       .       |  host |         .         |
[   20.415643] cloud-init[962]: ci-info: +--------+------+----------------------------+---------------+-------+-------------------+
[   20.415758] cloud-init[962]: ci-info: +++++++++++++++++++++++++++Route IPv4 info++++++++++++++++++++++++++++
[   20.415880] cloud-init[962]: ci-info: +-------+-------------+----------+---------------+-----------+-------+
[   20.416262] cloud-init[962]: ci-info: | Route | Destination | Gateway  |    Genmask    | Interface | Flags |
[   20.416379] cloud-init[962]: ci-info: +-------+-------------+----------+---------------+-----------+-------+
[   20.416506] cloud-init[962]: ci-info: |   0   |   0.0.0.0   | 10.0.2.2 |    0.0.0.0    |   enp0s3  |   UG  |
[   20.416629] cloud-init[962]: ci-info: |   1   |   10.0.2.0  | 0.0.0.0  | 255.255.255.0 |   enp0s3  |   U   |
[   20.416748] cloud-init[962]: ci-info: +-------+-------------+----------+---------------+-----------+-------+
[0;32m  OK  [0m] Started Daily Cleanup of Temporary Directories.
         Starting Socket activation for snappy daemon.
         Starting LXD - unix socket.
[[0;32m  OK  [0m] Listening on UUID daemon activation socket.
[[0;32m  OK  [0m] Listening on ACPID Listen Socket.
[[0;32m  OK  [0m] Listening on D-Bus System Message Bus Socket.
[[0;32m  OK  [0m] Started ACPI Events Check.
[[0;32m  OK  [0m] Reached target Paths.
[[0;32m  OK  [0m] Reached target Network is Online.
[[0;32m  OK  [0m] Started Daily apt download activities.
[[0;32m  OK  [0m] Started Daily apt upgrade and clean activities.
[[0;32m  OK  [0m] Reached target Timers.
         Starting iSCSI initiator daemon (iscsid)...
[[0;32m  OK  [0m] Reached target Cloud-config availability.
[[0;32m  OK  [0m] Listening on Socket activation for snappy daemon.
[[0;32m  OK  [0m] Listening on LXD - unix socket.
[[0;32m  OK  [0m] Reached target Sockets.
[[0;32m  OK  [0m] Reached target Basic System.
         Starting Daily apt upgrade and clean activities...
[[0;32m  OK  [0m] Started FUSE filesystem for LXC.
[[0;32m  OK  [0m] Started D-Bus System Message Bus.
         Starting LSB: MD monitoring daemon...
[[0;32m  OK  [0m] Started Deferred execution scheduler.
         Starting Login Service...
         Starting LXD - container startup/shutdown...
         Starting LSB: Record successful boot for GRUB...
[[0;32m  OK  [0m] Started Unattended Upgrades Shutdown.
         Starting Accounts Service...
         Starting /etc/rc.local Compatibility...
[[0;32m  OK  [0m] Started Regular background program processing daemon.
[[0;32m  OK  [0m] Started ACPI event daemon.
         Starting Snappy daemon...
         Starting Apply the settings specified in cloud-config...
         Starting System Logging Service...
         Starting OpenBSD Secure Shell server...
[[0;32m  OK  [0m] Started iSCSI initiator daemon (iscsid).
[[0;32m  OK  [0m] Started /etc/rc.local Compatibility.
         Starting Login to default iSCSI targets...
[[0;32m  OK  [0m] Started Login Service.
[[0;32m  OK  [0m] Started Login to default iSCSI targets.
[[0;32m  OK  [0m] Reached target Remote File Systems (Pre).
[[0;32m  OK  [0m] Reached target Remote File Systems.
         Starting LSB: automatic crash report generation...
         Starting LSB: VirtualBox Linux Additions...
         Starting LSB: daemon to balance interrupts for SMP systems...
         Starting Permit User Sessions...
         Starting LSB: Set the CPU Frequency Scaling governor to "ondemand"...
[[0;32m  OK  [0m] Started LSB: MD monitoring daemon.
[[0;32m  OK  [0m] Started Permit User Sessions.
         Starting Terminate Plymouth Boot Screen...
         Starting Hold until boot process finishes up...
[[0;32m  OK  [0m] Started System Logging Service.
[[0;32m  OK  [0m] Started LSB: Set the CPU Frequency Scaling governor to "ondemand".
[[0;32m  OK  [0m] Started Terminate Plymouth Boot Screen.
[[0;32m  OK  [0m] Started LSB: Record successful boot for GRUB.
[[0;32m  OK  [0m] Started Hold until boot process finishes up.
         Starting Set console scheme...
[[0;32m  OK  [0m] Started Serial Getty on ttyS0.
[[0;32m  OK  [0m] Started Getty on tty1.
[[0;32m  OK  [0m] Reached target Login Prompts.
[[0;32m  OK  [0m] Started LSB: automatic crash report generation.
[[0;32m  OK  [0m] Started LSB: daemon to balance interrupts for SMP systems.
[[0;32m  OK  [0m] Started Set console scheme.
[   22.340104] cloud-init[1055]: Cloud-init v. 17.1 running 'modules:config' at Tue, 19 Dec 2017 00:36:11 +0000. Up 21.60 seconds.
[[0;32m  OK  [0m] Started Apply the settings specified in cloud-config.
[[0;32m  OK  [0m] Started OpenBSD Secure Shell server.
[[0;32m  OK  [0m] Started LSB: VirtualBox Linux Additions.
         Starting Authenticate and Authorize Users to Run Privileged Tasks...
[[0;32m  OK  [0m] Started Authenticate and Authorize Users to Run Privileged Tasks.
[[0;32m  OK  [0m] Started Accounts Service.
[[0;32m  OK  [0m] Started Snappy daemon.
[[0;32m  OK  [0m] Started LXD - container startup/shutdown.
[[0;32m  OK  [0m] Reached target Multi-User System.
         Starting Execute cloud user/final scripts...
[[0;32m  OK  [0m] Reached target Graphical Interface.
         Starting Update UTMP about System Runlevel Changes...
[[0;32m  OK  [0m] Started Update UTMP about System Runlevel Changes.
[   24.526223] cloud-init[1199]: Cloud-init v. 17.1 running 'modules:final' at Tue, 19 Dec 2017 00:36:14 +0000. Up 24.35 seconds.
[   24.557196] cloud-init[1199]: Cloud-init v. 17.1 finished at Tue, 19 Dec 2017 00:36:14 +0000. Datasource DataSourceNoCloud [seed=/dev/sdb][dsmode=net].  Up 24.52 seconds
[[0;32m  OK  [0m] Started Execute cloud user/final scripts.
[[0;32m  OK  [0m] Reached target Cloud-init target.
[[0;32m  OK  [0m] Created slice User Slice of ubuntu.
         Starting User Manager for UID 1000...
[[0;32m  OK  [0m] Started User Manager for UID 1000.
[[0;32m  OK  [0m] Started Session 1 of user ubuntu.

Ubuntu 16.04.3 LTS ubuntu-xenial ttyS0

ubuntu-xenial login: 